<?xml version="1.0" encoding="UTF-8"?>
<testng-results skipped="0" failed="0" total="1" passed="1">
  <reporter-output>
  </reporter-output>
  <suite name="Default suite" duration-ms="6875" started-at="2019-07-03T11:44:57Z" finished-at="2019-07-03T11:45:04Z">
    <groups>
    </groups>
    <test name="Default test" duration-ms="6875" started-at="2019-07-03T11:44:57Z" finished-at="2019-07-03T11:45:04Z">
      <class name="Locator.CHK">
        <test-method status="PASS" signature="f()[pri:0, instance:Locator.CHK@c39f790]" name="f" duration-ms="6854" started-at="2019-07-03T17:14:57Z" finished-at="2019-07-03T17:15:04Z">
          <reporter-output>
          </reporter-output>
        </test-method> <!-- f -->
      </class> <!-- Locator.CHK -->
    </test> <!-- Default test -->
  </suite> <!-- Default suite -->
</testng-results>
