<?xml version="1.0" encoding="UTF-8"?>
<!-- Generated by org.testng.reporters.JUnitXMLReporter -->
<testsuite hostname="BDC4-D-5RK2RG2" name="Default test" tests="4" failures="0" timestamp="5 Jul 2019 09:00:48 GMT" time="199.787" errors="0">
  <testcase name="testCart" time="21.255" classname="testmeapp.testapp"/>
  <testcase name="testLogin" time="61.519" classname="testmeapp.testapp"/>
  <testcase name="testPayment" time="0.002" classname="testmeapp.testapp"/>
  <testcase name="testRegistration" time="0.001" classname="testmeapp.testapp"/>
</testsuite> <!-- Default test -->
