<?xml version="1.0" encoding="UTF-8"?>
<testng-results skipped="0" failed="0" total="1" passed="1">
  <reporter-output>
  </reporter-output>
  <suite name="Default suite" duration-ms="766" started-at="2019-07-04T09:58:27Z" finished-at="2019-07-04T09:58:28Z">
    <groups>
    </groups>
    <test name="Default test" duration-ms="766" started-at="2019-07-04T09:58:27Z" finished-at="2019-07-04T09:58:28Z">
      <class name="DAS.Filesrc">
        <test-method status="PASS" signature="f()[pri:0, instance:DAS.Filesrc@4ec6a292]" name="f" duration-ms="748" started-at="2019-07-04T15:28:27Z" finished-at="2019-07-04T15:28:28Z">
          <reporter-output>
          </reporter-output>
        </test-method> <!-- f -->
      </class> <!-- DAS.Filesrc -->
    </test> <!-- Default test -->
  </suite> <!-- Default suite -->
</testng-results>
